<?xml version="1.0" encoding="UTF-8"?>
<!-- Generated by org.testng.reporters.JUnitReportReporter -->
<testsuite skipped="0" hostname="TYSS-4F-045" name="scripts.TestHome" tests="1" failures="0" timestamp="18 Jan 2018 06:22:16 GMT" time="7.089" errors="0">
  <testcase name="ringtest" time="7.089" classname="scripts.TestHome"/>
</testsuite> <!-- scripts.TestHome -->
