<?xml version="1.0" encoding="UTF-8"?>
<!-- Generated by org.testng.reporters.JUnitReportReporter -->
<testsuite skipped="0" name="scripts.TestFloral" tests="1" failures="0" timestamp="14 Feb 2018 12:20:57 GMT" time="26.079" errors="0">
  <testcase name="testfloral" time="26.079" classname="scripts.TestFloral"/>
</testsuite> <!-- scripts.TestFloral -->
