<?xml version="1.0" encoding="UTF-8"?>
<!-- Generated by org.testng.reporters.JUnitReportReporter -->
<testsuite skipped="0" name="scripts.TestLogin" tests="1" failures="0" timestamp="18 Jan 2018 07:19:48 GMT" time="11.116" errors="0">
  <testcase name="logintest" time="11.116" classname="scripts.TestLogin"/>
</testsuite> <!-- scripts.TestLogin -->
