<?xml version="1.0" encoding="UTF-8"?>
<!-- Generated by org.testng.reporters.JUnitReportReporter -->
<testsuite skipped="0" name="scripts.TestEngagement" tests="1" failures="0" timestamp="08 Feb 2018 06:01:24 GMT" time="26.935" errors="0">
  <testcase name="EngTest" time="26.935" classname="scripts.TestEngagement"/>
</testsuite> <!-- scripts.TestEngagement -->
